<?xml version="1.0" encoding="UTF-8"?>
<!-- Generated by org.testng.reporters.JUnitXMLReporter -->
<testsuite ignored="1" hostname="LAPTOP-5VBIP1LE" failures="1" tests="2" name="OpencartTest" time="22.788" errors="0" timestamp="2023-03-24T17:44:48 IST">
  <testcase classname="testCase.TC_001_AccountRegistrationTest" name="test_account_Registration" time="3.014"/>
  <testcase classname="testCase.TC_002_LoginTest" name="test_login" time="10.561">
    <failure type="java.lang.AssertionError" message="expected [true] but found [false]">
      <![CDATA[java.lang.AssertionError: expected [true] but found [false]
at testCase.TC_002_LoginTest.test_login(TC_002_LoginTest.java:35)
at java.base/java.util.ArrayList.forEach(ArrayList.java:1511)
... Removed 34 stack frames]]>
    </failure>
  </testcase> <!-- test_login -->
  <testcase classname="testCase.TC_003_LoginTest_DDT" name="test_loginDDT" time="0.0">
    <ignored/>
  </testcase> <!-- test_loginDDT -->
</testsuite> <!-- OpencartTest -->
